\BOOKMARK [0][-]{chapter.1}{Introduction}{}% 1
\BOOKMARK [1][-]{section.1.1}{Problem\040Description}{chapter.1}% 2
\BOOKMARK [1][-]{section.1.2}{Problem\040Statement}{chapter.1}% 3
\BOOKMARK [1][-]{section.1.3}{Objective}{chapter.1}% 4
\BOOKMARK [1][-]{section.1.4}{Ethics,\040Sustainability\040and\040Societal\040Aspects}{chapter.1}% 5
\BOOKMARK [1][-]{section.1.5}{Scope}{chapter.1}% 6
\BOOKMARK [0][-]{chapter.2}{Background}{}% 7
\BOOKMARK [1][-]{section.2.1}{Objective\040of\040Clustering}{chapter.2}% 8
\BOOKMARK [1][-]{section.2.2}{Similarity\040and\040Distance\040Measures}{chapter.2}% 9
\BOOKMARK [2][-]{subsection.2.2.1}{Numerical\040Similarity\040Measures}{section.2.2}% 10
\BOOKMARK [2][-]{subsection.2.2.2}{Categorical\040Similarity\040Measures}{section.2.2}% 11
\BOOKMARK [2][-]{subsection.2.2.3}{Mixed\040Similarity\040Measures}{section.2.2}% 12
\BOOKMARK [1][-]{section.2.3}{Clustering\040Algorithms}{chapter.2}% 13
\BOOKMARK [2][-]{subsection.2.3.1}{Hierarchical\040Clustering}{section.2.3}% 14
\BOOKMARK [2][-]{subsection.2.3.2}{Partition\040Clustering}{section.2.3}% 15
\BOOKMARK [2][-]{subsection.2.3.3}{Density-Based\040Clustering}{section.2.3}% 16
\BOOKMARK [1][-]{section.2.4}{Feature-Weighted\040Clustering}{chapter.2}% 17
\BOOKMARK [2][-]{subsection.2.4.1}{Automated\040Feature-Weighting}{section.2.4}% 18
\BOOKMARK [2][-]{subsection.2.4.2}{Soft-subspace\040Clustering}{section.2.4}% 19
\BOOKMARK [1][-]{section.2.5}{Evaluation}{chapter.2}% 20
\BOOKMARK [2][-]{subsection.2.5.1}{Inner\040Criteria}{section.2.5}% 21
\BOOKMARK [2][-]{subsection.2.5.2}{External\040Criteria}{section.2.5}% 22
\BOOKMARK [1][-]{section.2.6}{Summary\040and\040Method\040Justification}{chapter.2}% 23
\BOOKMARK [0][-]{chapter.3}{Method}{}% 24
\BOOKMARK [1][-]{section.3.1}{Method\040Design\040Overview}{chapter.3}% 25
\BOOKMARK [1][-]{section.3.2}{Dataset}{chapter.3}% 26
\BOOKMARK [1][-]{section.3.3}{Preprocessing}{chapter.3}% 27
\BOOKMARK [1][-]{section.3.4}{Implementation}{chapter.3}% 28
\BOOKMARK [2][-]{subsection.3.4.1}{EWKM}{section.3.4}% 29
\BOOKMARK [2][-]{subsection.3.4.2}{FSC}{section.3.4}% 30
\BOOKMARK [2][-]{subsection.3.4.3}{LEKM}{section.3.4}% 31
\BOOKMARK [2][-]{subsection.3.4.4}{K-means}{section.3.4}% 32
\BOOKMARK [1][-]{section.3.5}{Parameter\040Selection}{chapter.3}% 33
\BOOKMARK [2][-]{subsection.3.5.1}{Purity}{section.3.5}% 34
\BOOKMARK [2][-]{subsection.3.5.2}{Amount\040of\040Clusters}{section.3.5}% 35
\BOOKMARK [2][-]{subsection.3.5.3}{EWKM}{section.3.5}% 36
\BOOKMARK [2][-]{subsection.3.5.4}{FSC}{section.3.5}% 37
\BOOKMARK [2][-]{subsection.3.5.5}{LEKM}{section.3.5}% 38
\BOOKMARK [2][-]{subsection.3.5.6}{K-means}{section.3.5}% 39
\BOOKMARK [2][-]{subsection.3.5.7}{Ranking\040songs\040and\040clusters}{section.3.5}% 40
\BOOKMARK [1][-]{section.3.6}{Expert\040Evaluation}{chapter.3}% 41
\BOOKMARK [0][-]{chapter.4}{Results}{}% 42
\BOOKMARK [1][-]{section.4.1}{General\040Results}{chapter.4}% 43
\BOOKMARK [2][-]{subsection.4.1.1}{EWKM}{section.4.1}% 44
\BOOKMARK [2][-]{subsection.4.1.2}{LEKM}{section.4.1}% 45
\BOOKMARK [2][-]{subsection.4.1.3}{FSC}{section.4.1}% 46
\BOOKMARK [2][-]{subsection.4.1.4}{K-means}{section.4.1}% 47
\BOOKMARK [2][-]{subsection.4.1.5}{Summary}{section.4.1}% 48
\BOOKMARK [1][-]{section.4.2}{External\040Evaluation}{chapter.4}% 49
\BOOKMARK [0][-]{chapter.5}{Discussion}{}% 50
\BOOKMARK [1][-]{section.5.1}{General\040Discussion}{chapter.5}% 51
\BOOKMARK [1][-]{section.5.2}{Evaluation\040Discussion}{chapter.5}% 52
\BOOKMARK [1][-]{section.5.3}{Future\040Work}{chapter.5}% 53
\BOOKMARK [0][-]{chapter.6}{Conclusions}{}% 54
\BOOKMARK [0][-]{chapter*.15}{Bibliography}{}% 55
