\BOOKMARK [1][-]{section*.1}{Project\040Specification}{}% 1
\BOOKMARK [1][-]{section.1}{Formalities}{}% 2
\BOOKMARK [2][-]{subsection.1.1}{Preliminary\040Thesis\040Title}{section.1}% 3
\BOOKMARK [2][-]{subsection.1.2}{Name\040and\040Email}{section.1}% 4
\BOOKMARK [2][-]{subsection.1.3}{Supervisor\040@EECS}{section.1}% 5
\BOOKMARK [2][-]{subsection.1.4}{Name\040of\040the\040principal\040and\040name\040of\040the\040supervisor\040at\040the\040principal's\040workplace}{section.1}% 6
\BOOKMARK [2][-]{subsection.1.5}{Current\040Date}{section.1}% 7
\BOOKMARK [1][-]{section.2}{Background\040and\040Objective}{}% 8
\BOOKMARK [2][-]{subsection.2.1}{Background}{section.2}% 9
\BOOKMARK [2][-]{subsection.2.2}{State-of-The-Art}{section.2}% 10
\BOOKMARK [2][-]{subsection.2.3}{Evaluation}{section.2}% 11
\BOOKMARK [2][-]{subsection.2.4}{Interest\040and\040Objective}{section.2}% 12
\BOOKMARK [1][-]{section.3}{Research\040Question\040and\040Method}{}% 13
\BOOKMARK [2][-]{subsection.3.1}{Examination\040Method}{section.3}% 14
\BOOKMARK [3][-]{subsubsection.3.1.1}{Clustering\040algorithms\040that\040are\040candidates\040for\040a\040comparative\040analysis}{subsection.3.1}% 15
\BOOKMARK [3][-]{subsubsection.3.1.2}{Dataset}{subsection.3.1}% 16
\BOOKMARK [2][-]{subsection.3.2}{Computation\040and\040Language}{section.3}% 17
\BOOKMARK [2][-]{subsection.3.3}{Expected\040scientific\040results}{section.3}% 18
\BOOKMARK [1][-]{section.4}{Evaluation\040and\040News\040Value}{}% 19
\BOOKMARK [2][-]{subsection.4.1}{Evaluation}{section.4}% 20
\BOOKMARK [2][-]{subsection.4.2}{News\040Value}{section.4}% 21
\BOOKMARK [1][-]{section.5}{Pre-study}{}% 22
\BOOKMARK [2][-]{subsection.5.1}{Finding\040information}{section.5}% 23
\BOOKMARK [3][-]{subsubsection.5.1.1}{Initial\040Keywords}{subsection.5.1}% 24
\BOOKMARK [3][-]{subsubsection.5.1.2}{Method}{subsection.5.1}% 25
\BOOKMARK [2][-]{subsection.5.2}{Obtaining\040the\040necessary\040knowledge\040and\040preliminarily\040references}{section.5}% 26
\BOOKMARK [1][-]{section.6}{Conditions\040and\040Schedule}{}% 27
\BOOKMARK [2][-]{subsection.6.1}{List\040of\040resources}{section.6}% 28
\BOOKMARK [2][-]{subsection.6.2}{Defined\040Limitations}{section.6}% 29
\BOOKMARK [2][-]{subsection.6.3}{Collaboration\040with\040the\040principal}{section.6}% 30
\BOOKMARK [2][-]{subsection.6.4}{Schedule}{section.6}% 31
\BOOKMARK [1][-]{section*.2}{References}{}% 32
